[2026-06-23 07:25:46] local.ERROR: SQLSTATE[42S02]: Base table or view not found: 1932 Table 'siakad.migrations' doesn't exist in engine (Connection: mysql, SQL: select `migration` from `migrations` order by `batch` asc, `migration` asc) {"exception":"[object] (Illuminate\\Database\\QueryException(code: 42S02): SQLSTATE[42S02]: Base table or view not found: 1932 Table 'siakad.migrations' doesn't exist in engine (Connection: mysql, SQL: select `migration` from `migrations` order by `batch` asc, `migration` asc) at C:/Users/dik/Downloads/siakad-tugas-besar/siakad/vendor/laravel/framework/src/Illuminate/Database/Connection.php:829)
[stacktrace]
#0 C:/Users/dik/Downloads/siakad-tugas-besar/siakad/vendor/laravel/framework/src/Illuminate/Database/Connection.php(783): Illuminate/Database/Connection->runQueryCallback('select `migrati...', Array, Object(Closure))
#1 C:/Users/dik/Downloads/siakad-tugas-besar/siakad/vendor/laravel/framework/src/Illuminate/Database/Connection.php(414): Illuminate/Database/Connection->run('select `migrati...', Array, Object(Closure))
#2 C:/Users/dik/Downloads/siakad-tugas-besar/siakad/vendor/laravel/framework/src/Illuminate/Database/Query/Builder.php(2913): Illuminate/Database/Connection->select('select `migrati...', Array, false)
#3 C:/Users/dik/Downloads/siakad-tugas-besar/siakad/vendor/laravel/framework/src/Illuminate/Database/Query/Builder.php(3142): Illuminate/Database/Query/Builder->runSelect()
#4 C:/Users/dik/Downloads/siakad-tugas-besar/siakad/vendor/laravel/framework/src/Illuminate/Database/Query/Builder.php(3456): Illuminate/Database/Query/Builder->Illuminate/Database/Query/{closure}()
#5 C:/Users/dik/Downloads/siakad-tugas-besar/siakad/vendor/laravel/framework/src/Illuminate/Database/Query/Builder.php(3138): Illuminate/Database/Query/Builder->onceWithColumns(Array, Object(Closure))
#6 C:/Users/dik/Downloads/siakad-tugas-besar/siakad/vendor/laravel/framework/src/Illuminate/Database/Migrations/DatabaseMigrationRepository.php(53): Illuminate/Database/Query/Builder->pluck('migration')
#7 C:/Users/dik/Downloads/siakad-tugas-besar/siakad/vendor/laravel/framework/src/Illuminate/Database/Migrations/Migrator.php(737): Illuminate/Database/Migrations/DatabaseMigrationRepository->getRan()
#8 C:/Users/dik/Downloads/siakad-tugas-besar/siakad/vendor/laravel/framework/src/Illuminate/Database/Console/Migrations/MigrateCommand.php(128): Illuminate/Database/Migrations/Migrator->hasRunAnyMigrations()
#9 C:/Users/dik/Downloads/siakad-tugas-besar/siakad/vendor/laravel/framework/src/Illuminate/Database/Console/Migrations/MigrateCommand.php(84): Illuminate/Database/Console/Migrations/MigrateCommand->prepareDatabase()
#10 C:/Users/dik/Downloads/siakad-tugas-besar/siakad/vendor/laravel/framework/src/Illuminate/Database/Migrations/Migrator.php(641): Illuminate/Database/Console/Migrations/MigrateCommand->Illuminate/Database/Console/Migrations/{closure}()
#11 C:/Users/dik/Downloads/siakad-tugas-besar/siakad/vendor/laravel/framework/src/Illuminate/Database/Console/Migrations/MigrateCommand.php(83): Illuminate/Database/Migrations/Migrator->usingConnection(NULL, Object(Closure))
#12 C:/Users/dik/Downloads/siakad-tugas-besar/siakad/vendor/laravel/framework/src/Illuminate/Container/BoundMethod.php(36): Illuminate/Database/Console/Migrations/MigrateCommand->handle()
#13 C:/Users/dik/Downloads/siakad-tugas-besar/siakad/vendor/laravel/framework/src/Illuminate/Container/Util.php(41): Illuminate/Container/BoundMethod::Illuminate/Container/{closure}()
#14 C:/Users/dik/Downloads/siakad-tugas-besar/siakad/vendor/laravel/framework/src/Illuminate/Container/BoundMethod.php(93): Illuminate/Container/Util::unwrapIfClosure(Object(Closure))
#15 C:/Users/dik/Downloads/siakad-tugas-besar/siakad/vendor/laravel/framework/src/Illuminate/Container/BoundMethod.php(35): Illuminate/Container/BoundMethod::callBoundMethod(Object(Illuminate/Foundation/Application), Array, Object(Closure))
#16 C:/Users/dik/Downloads/siakad-tugas-besar/siakad/vendor/laravel/framework/src/Illuminate/Container/Container.php(662): Illuminate/Container/BoundMethod::call(Object(Illuminate/Foundation/Application), Array, Array, NULL)
#17 C:/Users/dik/Downloads/siakad-tugas-besar/siakad/vendor/laravel/framework/src/Illuminate/Console/Command.php(211): Illuminate/Container/Container->call(Array)
#18 C:/Users/dik/Downloads/siakad-tugas-besar/siakad/vendor/symfony/console/Command/Command.php(326): Illuminate/Console/Command->execute(Object(Symfony/Component/Console/Input/ArgvInput), Object(Illuminate/Console/OutputStyle))
#19 C:/Users/dik/Downloads/siakad-tugas-besar/siakad/vendor/laravel/framework/src/Illuminate/Console/Command.php(180): Symfony/Component/Console/Command/Command->run(Object(Symfony/Component/Console/Input/ArgvInput), Object(Illuminate/Console/OutputStyle))
#20 C:/Users/dik/Downloads/siakad-tugas-besar/siakad/vendor/symfony/console/Application.php(1121): Illuminate/Console/Command->run(Object(Symfony/Component/Console/Input/ArgvInput), Object(Symfony/Component/Console/Output/ConsoleOutput))
#21 C:/Users/dik/Downloads/siakad-tugas-besar/siakad/vendor/symfony/console/Application.php(324): Symfony/Component/Console/Application->doRunCommand(Object(Illuminate/Database/Console/Migrations/MigrateCommand), Object(Symfony/Component/Console/Input/ArgvInput), Object(Symfony/Component/Console/Output/ConsoleOutput))
#22 C:/Users/dik/Downloads/siakad-tugas-besar/siakad/vendor/symfony/console/Application.php(175): Symfony/Component/Console/Application->doRun(Object(Symfony/Component/Console/Input/ArgvInput), Object(Symfony/Component/Console/Output/ConsoleOutput))
#23 C:/Users/dik/Downloads/siakad-tugas-besar/siakad/vendor/laravel/framework/src/Illuminate/Foundation/Console/Kernel.php(201): Symfony/Component/Console/Application->run(Object(Symfony/Component/Console/Input/ArgvInput), Object(Symfony/Component/Console/Output/ConsoleOutput))
#24 C:/Users/dik/Downloads/siakad-tugas-besar/siakad/artisan(12): Illuminate/Foundation/Console/Kernel->handle(Object(Symfony/Component/Console/Input/ArgvInput), Object(Symfony/Component/Console/Output/ConsoleOutput))
#25 {main}

[previous exception] [object] (PDOException(code: 42S02): SQLSTATE[42S02]: Base table or view not found: 1932 Table 'siakad.migrations' doesn't exist in engine at C:/Users/dik/Downloads/siakad-tugas-besar/siakad/vendor/laravel/framework/src/Illuminate/Database/Connection.php:423)
[stacktrace]
#0 C:/Users/dik/Downloads/siakad-tugas-besar/siakad/vendor/laravel/framework/src/Illuminate/Database/Connection.php(423): PDO->prepare('select `migrati...')
#1 C:/Users/dik/Downloads/siakad-tugas-besar/siakad/vendor/laravel/framework/src/Illuminate/Database/Connection.php(816): Illuminate/Database/Connection->Illuminate/Database/{closure}('select `migrati...', Array)
#2 C:/Users/dik/Downloads/siakad-tugas-besar/siakad/vendor/laravel/framework/src/Illuminate/Database/Connection.php(783): Illuminate/Database/Connection->runQueryCallback('select `migrati...', Array, Object(Closure))
#3 C:/Users/dik/Downloads/siakad-tugas-besar/siakad/vendor/laravel/framework/src/Illuminate/Database/Connection.php(414): Illuminate/Database/Connection->run('select `migrati...', Array, Object(Closure))
#4 C:/Users/dik/Downloads/siakad-tugas-besar/siakad/vendor/laravel/framework/src/Illuminate/Database/Query/Builder.php(2913): Illuminate/Database/Connection->select('select `migrati...', Array, false)
#5 C:/Users/dik/Downloads/siakad-tugas-besar/siakad/vendor/laravel/framework/src/Illuminate/Database/Query/Builder.php(3142): Illuminate/Database/Query/Builder->runSelect()
#6 C:/Users/dik/Downloads/siakad-tugas-besar/siakad/vendor/laravel/framework/src/Illuminate/Database/Query/Builder.php(3456): Illuminate/Database/Query/Builder->Illuminate/Database/Query/{closure}()
#7 C:/Users/dik/Downloads/siakad-tugas-besar/siakad/vendor/laravel/framework/src/Illuminate/Database/Query/Builder.php(3138): Illuminate/Database/Query/Builder->onceWithColumns(Array, Object(Closure))
#8 C:/Users/dik/Downloads/siakad-tugas-besar/siakad/vendor/laravel/framework/src/Illuminate/Database/Migrations/DatabaseMigrationRepository.php(53): Illuminate/Database/Query/Builder->pluck('migration')
#9 C:/Users/dik/Downloads/siakad-tugas-besar/siakad/vendor/laravel/framework/src/Illuminate/Database/Migrations/Migrator.php(737): Illuminate/Database/Migrations/DatabaseMigrationRepository->getRan()
#10 C:/Users/dik/Downloads/siakad-tugas-besar/siakad/vendor/laravel/framework/src/Illuminate/Database/Console/Migrations/MigrateCommand.php(128): Illuminate/Database/Migrations/Migrator->hasRunAnyMigrations()
#11 C:/Users/dik/Downloads/siakad-tugas-besar/siakad/vendor/laravel/framework/src/Illuminate/Database/Console/Migrations/MigrateCommand.php(84): Illuminate/Database/Console/Migrations/MigrateCommand->prepareDatabase()
#12 C:/Users/dik/Downloads/siakad-tugas-besar/siakad/vendor/laravel/framework/src/Illuminate/Database/Migrations/Migrator.php(641): Illuminate/Database/Console/Migrations/MigrateCommand->Illuminate/Database/Console/Migrations/{closure}()
#13 C:/Users/dik/Downloads/siakad-tugas-besar/siakad/vendor/laravel/framework/src/Illuminate/Database/Console/Migrations/MigrateCommand.php(83): Illuminate/Database/Migrations/Migrator->usingConnection(NULL, Object(Closure))
#14 C:/Users/dik/Downloads/siakad-tugas-besar/siakad/vendor/laravel/framework/src/Illuminate/Container/BoundMethod.php(36): Illuminate/Database/Console/Migrations/MigrateCommand->handle()
#15 C:/Users/dik/Downloads/siakad-tugas-besar/siakad/vendor/laravel/framework/src/Illuminate/Container/Util.php(41): Illuminate/Container/BoundMethod::Illuminate/Container/{closure}()
#16 C:/Users/dik/Downloads/siakad-tugas-besar/siakad/vendor/laravel/framework/src/Illuminate/Container/BoundMethod.php(93): Illuminate/Container/Util::unwrapIfClosure(Object(Closure))
#17 C:/Users/dik/Downloads/siakad-tugas-besar/siakad/vendor/laravel/framework/src/Illuminate/Container/BoundMethod.php(35): Illuminate/Container/BoundMethod::callBoundMethod(Object(Illuminate/Foundation/Application), Array, Object(Closure))
#18 C:/Users/dik/Downloads/siakad-tugas-besar/siakad/vendor/laravel/framework/src/Illuminate/Container/Container.php(662): Illuminate/Container/BoundMethod::call(Object(Illuminate/Foundation/Application), Array, Array, NULL)
#19 C:/Users/dik/Downloads/siakad-tugas-besar/siakad/vendor/laravel/framework/src/Illuminate/Console/Command.php(211): Illuminate/Container/Container->call(Array)
#20 C:/Users/dik/Downloads/siakad-tugas-besar/siakad/vendor/symfony/console/Command/Command.php(326): Illuminate/Console/Command->execute(Object(Symfony/Component/Console/Input/ArgvInput), Object(Illuminate/Console/OutputStyle))
#21 C:/Users/dik/Downloads/siakad-tugas-besar/siakad/vendor/laravel/framework/src/Illuminate/Console/Command.php(180): Symfony/Component/Console/Command/Command->run(Object(Symfony/Component/Console/Input/ArgvInput), Object(Illuminate/Console/OutputStyle))
#22 C:/Users/dik/Downloads/siakad-tugas-besar/siakad/vendor/symfony/console/Application.php(1121): Illuminate/Console/Command->run(Object(Symfony/Component/Console/Input/ArgvInput), Object(Symfony/Component/Console/Output/ConsoleOutput))
#23 C:/Users/dik/Downloads/siakad-tugas-besar/siakad/vendor/symfony/console/Application.php(324): Symfony/Component/Console/Application->doRunCommand(Object(Illuminate/Database/Console/Migrations/MigrateCommand), Object(Symfony/Component/Console/Input/ArgvInput), Object(Symfony/Component/Console/Output/ConsoleOutput))
#24 C:/Users/dik/Downloads/siakad-tugas-besar/siakad/vendor/symfony/console/Application.php(175): Symfony/Component/Console/Application->doRun(Object(Symfony/Component/Console/Input/ArgvInput), Object(Symfony/Component/Console/Output/ConsoleOutput))
#25 C:/Users/dik/Downloads/siakad-tugas-besar/siakad/vendor/laravel/framework/src/Illuminate/Foundation/Console/Kernel.php(201): Symfony/Component/Console/Application->run(Object(Symfony/Component/Console/Input/ArgvInput), Object(Symfony/Component/Console/Output/ConsoleOutput))
#26 C:/Users/dik/Downloads/siakad-tugas-besar/siakad/artisan(12): Illuminate/Foundation/Console/Kernel->handle(Object(Symfony/Component/Console/Input/ArgvInput), Object(Symfony/Component/Console/Output/ConsoleOutput))
#27 {main}
"} 
[2026-06-23 07:25:49] local.ERROR: SQLSTATE[42S02]: Base table or view not found: 1932 Table 'siakad.migrations' doesn't exist in engine (Connection: mysql, SQL: select `migration` from `migrations` order by `batch` asc, `migration` asc) {"exception":"[object] (Illuminate\\Database\\QueryException(code: 42S02): SQLSTATE[42S02]: Base table or view not found: 1932 Table 'siakad.migrations' doesn't exist in engine (Connection: mysql, SQL: select `migration` from `migrations` order by `batch` asc, `migration` asc) at C:/Users/dik/Downloads/siakad-tugas-besar/siakad/vendor/laravel/framework/src/Illuminate/Database/Connection.php:829)
[stacktrace]
#0 C:/Users/dik/Downloads/siakad-tugas-besar/siakad/vendor/laravel/framework/src/Illuminate/Database/Connection.php(783): Illuminate/Database/Connection->runQueryCallback('select `migrati...', Array, Object(Closure))
#1 C:/Users/dik/Downloads/siakad-tugas-besar/siakad/vendor/laravel/framework/src/Illuminate/Database/Connection.php(414): Illuminate/Database/Connection->run('select `migrati...', Array, Object(Closure))
#2 C:/Users/dik/Downloads/siakad-tugas-besar/siakad/vendor/laravel/framework/src/Illuminate/Database/Query/Builder.php(2913): Illuminate/Database/Connection->select('select `migrati...', Array, false)
#3 C:/Users/dik/Downloads/siakad-tugas-besar/siakad/vendor/laravel/framework/src/Illuminate/Database/Query/Builder.php(3142): Illuminate/Database/Query/Builder->runSelect()
#4 C:/Users/dik/Downloads/siakad-tugas-besar/siakad/vendor/laravel/framework/src/Illuminate/Database/Query/Builder.php(3456): Illuminate/Database/Query/Builder->Illuminate/Database/Query/{closure}()
#5 C:/Users/dik/Downloads/siakad-tugas-besar/siakad/vendor/laravel/framework/src/Illuminate/Database/Query/Builder.php(3138): Illuminate/Database/Query/Builder->onceWithColumns(Array, Object(Closure))
#6 C:/Users/dik/Downloads/siakad-tugas-besar/siakad/vendor/laravel/framework/src/Illuminate/Database/Migrations/DatabaseMigrationRepository.php(53): Illuminate/Database/Query/Builder->pluck('migration')
#7 C:/Users/dik/Downloads/siakad-tugas-besar/siakad/vendor/laravel/framework/src/Illuminate/Database/Migrations/Migrator.php(737): Illuminate/Database/Migrations/DatabaseMigrationRepository->getRan()
#8 C:/Users/dik/Downloads/siakad-tugas-besar/siakad/vendor/laravel/framework/src/Illuminate/Database/Console/Migrations/MigrateCommand.php(128): Illuminate/Database/Migrations/Migrator->hasRunAnyMigrations()
#9 C:/Users/dik/Downloads/siakad-tugas-besar/siakad/vendor/laravel/framework/src/Illuminate/Database/Console/Migrations/MigrateCommand.php(84): Illuminate/Database/Console/Migrations/MigrateCommand->prepareDatabase()
#10 C:/Users/dik/Downloads/siakad-tugas-besar/siakad/vendor/laravel/framework/src/Illuminate/Database/Migrations/Migrator.php(641): Illuminate/Database/Console/Migrations/MigrateCommand->Illuminate/Database/Console/Migrations/{closure}()
#11 C:/Users/dik/Downloads/siakad-tugas-besar/siakad/vendor/laravel/framework/src/Illuminate/Database/Console/Migrations/MigrateCommand.php(83): Illuminate/Database/Migrations/Migrator->usingConnection(NULL, Object(Closure))
#12 C:/Users/dik/Downloads/siakad-tugas-besar/siakad/vendor/laravel/framework/src/Illuminate/Container/BoundMethod.php(36): Illuminate/Database/Console/Migrations/MigrateCommand->handle()
#13 C:/Users/dik/Downloads/siakad-tugas-besar/siakad/vendor/laravel/framework/src/Illuminate/Container/Util.php(41): Illuminate/Container/BoundMethod::Illuminate/Container/{closure}()
#14 C:/Users/dik/Downloads/siakad-tugas-besar/siakad/vendor/laravel/framework/src/Illuminate/Container/BoundMethod.php(93): Illuminate/Container/Util::unwrapIfClosure(Object(Closure))
#15 C:/Users/dik/Downloads/siakad-tugas-besar/siakad/vendor/laravel/framework/src/Illuminate/Container/BoundMethod.php(35): Illuminate/Container/BoundMethod::callBoundMethod(Object(Illuminate/Foundation/Application), Array, Object(Closure))
#16 C:/Users/dik/Downloads/siakad-tugas-besar/siakad/vendor/laravel/framework/src/Illuminate/Container/Container.php(662): Illuminate/Container/BoundMethod::call(Object(Illuminate/Foundation/Application), Array, Array, NULL)
#17 C:/Users/dik/Downloads/siakad-tugas-besar/siakad/vendor/laravel/framework/src/Illuminate/Console/Command.php(211): Illuminate/Container/Container->call(Array)
#18 C:/Users/dik/Downloads/siakad-tugas-besar/siakad/vendor/symfony/console/Command/Command.php(326): Illuminate/Console/Command->execute(Object(Symfony/Component/Console/Input/ArgvInput), Object(Illuminate/Console/OutputStyle))
#19 C:/Users/dik/Downloads/siakad-tugas-besar/siakad/vendor/laravel/framework/src/Illuminate/Console/Command.php(180): Symfony/Component/Console/Command/Command->run(Object(Symfony/Component/Console/Input/ArgvInput), Object(Illuminate/Console/OutputStyle))
#20 C:/Users/dik/Downloads/siakad-tugas-besar/siakad/vendor/symfony/console/Application.php(1121): Illuminate/Console/Command->run(Object(Symfony/Component/Console/Input/ArgvInput), Object(Symfony/Component/Console/Output/ConsoleOutput))
#21 C:/Users/dik/Downloads/siakad-tugas-besar/siakad/vendor/symfony/console/Application.php(324): Symfony/Component/Console/Application->doRunCommand(Object(Illuminate/Database/Console/Migrations/MigrateCommand), Object(Symfony/Component/Console/Input/ArgvInput), Object(Symfony/Component/Console/Output/ConsoleOutput))
#22 C:/Users/dik/Downloads/siakad-tugas-besar/siakad/vendor/symfony/console/Application.php(175): Symfony/Component/Console/Application->doRun(Object(Symfony/Component/Console/Input/ArgvInput), Object(Symfony/Component/Console/Output/ConsoleOutput))
#23 C:/Users/dik/Downloads/siakad-tugas-besar/siakad/vendor/laravel/framework/src/Illuminate/Foundation/Console/Kernel.php(201): Symfony/Component/Console/Application->run(Object(Symfony/Component/Console/Input/ArgvInput), Object(Symfony/Component/Console/Output/ConsoleOutput))
#24 C:/Users/dik/Downloads/siakad-tugas-besar/siakad/artisan(12): Illuminate/Foundation/Console/Kernel->handle(Object(Symfony/Component/Console/Input/ArgvInput), Object(Symfony/Component/Console/Output/ConsoleOutput))
#25 {main}

[previous exception] [object] (PDOException(code: 42S02): SQLSTATE[42S02]: Base table or view not found: 1932 Table 'siakad.migrations' doesn't exist in engine at C:/Users/dik/Downloads/siakad-tugas-besar/siakad/vendor/laravel/framework/src/Illuminate/Database/Connection.php:423)
[stacktrace]
#0 C:/Users/dik/Downloads/siakad-tugas-besar/siakad/vendor/laravel/framework/src/Illuminate/Database/Connection.php(423): PDO->prepare('select `migrati...')
#1 C:/Users/dik/Downloads/siakad-tugas-besar/siakad/vendor/laravel/framework/src/Illuminate/Database/Connection.php(816): Illuminate/Database/Connection->Illuminate/Database/{closure}('select `migrati...', Array)
#2 C:/Users/dik/Downloads/siakad-tugas-besar/siakad/vendor/laravel/framework/src/Illuminate/Database/Connection.php(783): Illuminate/Database/Connection->runQueryCallback('select `migrati...', Array, Object(Closure))
#3 C:/Users/dik/Downloads/siakad-tugas-besar/siakad/vendor/laravel/framework/src/Illuminate/Database/Connection.php(414): Illuminate/Database/Connection->run('select `migrati...', Array, Object(Closure))
#4 C:/Users/dik/Downloads/siakad-tugas-besar/siakad/vendor/laravel/framework/src/Illuminate/Database/Query/Builder.php(2913): Illuminate/Database/Connection->select('select `migrati...', Array, false)
#5 C:/Users/dik/Downloads/siakad-tugas-besar/siakad/vendor/laravel/framework/src/Illuminate/Database/Query/Builder.php(3142): Illuminate/Database/Query/Builder->runSelect()
#6 C:/Users/dik/Downloads/siakad-tugas-besar/siakad/vendor/laravel/framework/src/Illuminate/Database/Query/Builder.php(3456): Illuminate/Database/Query/Builder->Illuminate/Database/Query/{closure}()
#7 C:/Users/dik/Downloads/siakad-tugas-besar/siakad/vendor/laravel/framework/src/Illuminate/Database/Query/Builder.php(3138): Illuminate/Database/Query/Builder->onceWithColumns(Array, Object(Closure))
#8 C:/Users/dik/Downloads/siakad-tugas-besar/siakad/vendor/laravel/framework/src/Illuminate/Database/Migrations/DatabaseMigrationRepository.php(53): Illuminate/Database/Query/Builder->pluck('migration')
#9 C:/Users/dik/Downloads/siakad-tugas-besar/siakad/vendor/laravel/framework/src/Illuminate/Database/Migrations/Migrator.php(737): Illuminate/Database/Migrations/DatabaseMigrationRepository->getRan()
#10 C:/Users/dik/Downloads/siakad-tugas-besar/siakad/vendor/laravel/framework/src/Illuminate/Database/Console/Migrations/MigrateCommand.php(128): Illuminate/Database/Migrations/Migrator->hasRunAnyMigrations()
#11 C:/Users/dik/Downloads/siakad-tugas-besar/siakad/vendor/laravel/framework/src/Illuminate/Database/Console/Migrations/MigrateCommand.php(84): Illuminate/Database/Console/Migrations/MigrateCommand->prepareDatabase()
#12 C:/Users/dik/Downloads/siakad-tugas-besar/siakad/vendor/laravel/framework/src/Illuminate/Database/Migrations/Migrator.php(641): Illuminate/Database/Console/Migrations/MigrateCommand->Illuminate/Database/Console/Migrations/{closure}()
#13 C:/Users/dik/Downloads/siakad-tugas-besar/siakad/vendor/laravel/framework/src/Illuminate/Database/Console/Migrations/MigrateCommand.php(83): Illuminate/Database/Migrations/Migrator->usingConnection(NULL, Object(Closure))
#14 C:/Users/dik/Downloads/siakad-tugas-besar/siakad/vendor/laravel/framework/src/Illuminate/Container/BoundMethod.php(36): Illuminate/Database/Console/Migrations/MigrateCommand->handle()
#15 C:/Users/dik/Downloads/siakad-tugas-besar/siakad/vendor/laravel/framework/src/Illuminate/Container/Util.php(41): Illuminate/Container/BoundMethod::Illuminate/Container/{closure}()
#16 C:/Users/dik/Downloads/siakad-tugas-besar/siakad/vendor/laravel/framework/src/Illuminate/Container/BoundMethod.php(93): Illuminate/Container/Util::unwrapIfClosure(Object(Closure))
#17 C:/Users/dik/Downloads/siakad-tugas-besar/siakad/vendor/laravel/framework/src/Illuminate/Container/BoundMethod.php(35): Illuminate/Container/BoundMethod::callBoundMethod(Object(Illuminate/Foundation/Application), Array, Object(Closure))
#18 C:/Users/dik/Downloads/siakad-tugas-besar/siakad/vendor/laravel/framework/src/Illuminate/Container/Container.php(662): Illuminate/Container/BoundMethod::call(Object(Illuminate/Foundation/Application), Array, Array, NULL)
#19 C:/Users/dik/Downloads/siakad-tugas-besar/siakad/vendor/laravel/framework/src/Illuminate/Console/Command.php(211): Illuminate/Container/Container->call(Array)
#20 C:/Users/dik/Downloads/siakad-tugas-besar/siakad/vendor/symfony/console/Command/Command.php(326): Illuminate/Console/Command->execute(Object(Symfony/Component/Console/Input/ArgvInput), Object(Illuminate/Console/OutputStyle))
#21 C:/Users/dik/Downloads/siakad-tugas-besar/siakad/vendor/laravel/framework/src/Illuminate/Console/Command.php(180): Symfony/Component/Console/Command/Command->run(Object(Symfony/Component/Console/Input/ArgvInput), Object(Illuminate/Console/OutputStyle))
#22 C:/Users/dik/Downloads/siakad-tugas-besar/siakad/vendor/symfony/console/Application.php(1121): Illuminate/Console/Command->run(Object(Symfony/Component/Console/Input/ArgvInput), Object(Symfony/Component/Console/Output/ConsoleOutput))
#23 C:/Users/dik/Downloads/siakad-tugas-besar/siakad/vendor/symfony/console/Application.php(324): Symfony/Component/Console/Application->doRunCommand(Object(Illuminate/Database/Console/Migrations/MigrateCommand), Object(Symfony/Component/Console/Input/ArgvInput), Object(Symfony/Component/Console/Output/ConsoleOutput))
#24 C:/Users/dik/Downloads/siakad-tugas-besar/siakad/vendor/symfony/console/Application.php(175): Symfony/Component/Console/Application->doRun(Object(Symfony/Component/Console/Input/ArgvInput), Object(Symfony/Component/Console/Output/ConsoleOutput))
#25 C:/Users/dik/Downloads/siakad-tugas-besar/siakad/vendor/laravel/framework/src/Illuminate/Foundation/Console/Kernel.php(201): Symfony/Component/Console/Application->run(Object(Symfony/Component/Console/Input/ArgvInput), Object(Symfony/Component/Console/Output/ConsoleOutput))
#26 C:/Users/dik/Downloads/siakad-tugas-besar/siakad/artisan(12): Illuminate/Foundation/Console/Kernel->handle(Object(Symfony/Component/Console/Input/ArgvInput), Object(Symfony/Component/Console/Output/ConsoleOutput))
#27 {main}
"} 
[2026-06-23 07:26:03] local.ERROR: SQLSTATE[42S02]: Base table or view not found: 1932 Table 'siakad.migrations' doesn't exist in engine (Connection: mysql, SQL: select `migration` from `migrations` order by `batch` asc, `migration` asc) {"exception":"[object] (Illuminate\\Database\\QueryException(code: 42S02): SQLSTATE[42S02]: Base table or view not found: 1932 Table 'siakad.migrations' doesn't exist in engine (Connection: mysql, SQL: select `migration` from `migrations` order by `batch` asc, `migration` asc) at C:/Users/dik/Downloads/siakad-tugas-besar/siakad/vendor/laravel/framework/src/Illuminate/Database/Connection.php:829)
[stacktrace]
#0 C:/Users/dik/Downloads/siakad-tugas-besar/siakad/vendor/laravel/framework/src/Illuminate/Database/Connection.php(783): Illuminate/Database/Connection->runQueryCallback('select `migrati...', Array, Object(Closure))
#1 C:/Users/dik/Downloads/siakad-tugas-besar/siakad/vendor/laravel/framework/src/Illuminate/Database/Connection.php(414): Illuminate/Database/Connection->run('select `migrati...', Array, Object(Closure))
#2 C:/Users/dik/Downloads/siakad-tugas-besar/siakad/vendor/laravel/framework/src/Illuminate/Database/Query/Builder.php(2913): Illuminate/Database/Connection->select('select `migrati...', Array, false)
#3 C:/Users/dik/Downloads/siakad-tugas-besar/siakad/vendor/laravel/framework/src/Illuminate/Database/Query/Builder.php(3142): Illuminate/Database/Query/Builder->runSelect()
#4 C:/Users/dik/Downloads/siakad-tugas-besar/siakad/vendor/laravel/framework/src/Illuminate/Database/Query/Builder.php(3456): Illuminate/Database/Query/Builder->Illuminate/Database/Query/{closure}()
#5 C:/Users/dik/Downloads/siakad-tugas-besar/siakad/vendor/laravel/framework/src/Illuminate/Database/Query/Builder.php(3138): Illuminate/Database/Query/Builder->onceWithColumns(Array, Object(Closure))
#6 C:/Users/dik/Downloads/siakad-tugas-besar/siakad/vendor/laravel/framework/src/Illuminate/Database/Migrations/DatabaseMigrationRepository.php(53): Illuminate/Database/Query/Builder->pluck('migration')
#7 C:/Users/dik/Downloads/siakad-tugas-besar/siakad/vendor/laravel/framework/src/Illuminate/Database/Migrations/Migrator.php(737): Illuminate/Database/Migrations/DatabaseMigrationRepository->getRan()
#8 C:/Users/dik/Downloads/siakad-tugas-besar/siakad/vendor/laravel/framework/src/Illuminate/Database/Console/Migrations/MigrateCommand.php(128): Illuminate/Database/Migrations/Migrator->hasRunAnyMigrations()
#9 C:/Users/dik/Downloads/siakad-tugas-besar/siakad/vendor/laravel/framework/src/Illuminate/Database/Console/Migrations/MigrateCommand.php(84): Illuminate/Database/Console/Migrations/MigrateCommand->prepareDatabase()
#10 C:/Users/dik/Downloads/siakad-tugas-besar/siakad/vendor/laravel/framework/src/Illuminate/Database/Migrations/Migrator.php(641): Illuminate/Database/Console/Migrations/MigrateCommand->Illuminate/Database/Console/Migrations/{closure}()
#11 C:/Users/dik/Downloads/siakad-tugas-besar/siakad/vendor/laravel/framework/src/Illuminate/Database/Console/Migrations/MigrateCommand.php(83): Illuminate/Database/Migrations/Migrator->usingConnection(NULL, Object(Closure))
#12 C:/Users/dik/Downloads/siakad-tugas-besar/siakad/vendor/laravel/framework/src/Illuminate/Container/BoundMethod.php(36): Illuminate/Database/Console/Migrations/MigrateCommand->handle()
#13 C:/Users/dik/Downloads/siakad-tugas-besar/siakad/vendor/laravel/framework/src/Illuminate/Container/Util.php(41): Illuminate/Container/BoundMethod::Illuminate/Container/{closure}()
#14 C:/Users/dik/Downloads/siakad-tugas-besar/siakad/vendor/laravel/framework/src/Illuminate/Container/BoundMethod.php(93): Illuminate/Container/Util::unwrapIfClosure(Object(Closure))
#15 C:/Users/dik/Downloads/siakad-tugas-besar/siakad/vendor/laravel/framework/src/Illuminate/Container/BoundMethod.php(35): Illuminate/Container/BoundMethod::callBoundMethod(Object(Illuminate/Foundation/Application), Array, Object(Closure))
#16 C:/Users/dik/Downloads/siakad-tugas-besar/siakad/vendor/laravel/framework/src/Illuminate/Container/Container.php(662): Illuminate/Container/BoundMethod::call(Object(Illuminate/Foundation/Application), Array, Array, NULL)
#17 C:/Users/dik/Downloads/siakad-tugas-besar/siakad/vendor/laravel/framework/src/Illuminate/Console/Command.php(211): Illuminate/Container/Container->call(Array)
#18 C:/Users/dik/Downloads/siakad-tugas-besar/siakad/vendor/symfony/console/Command/Command.php(326): Illuminate/Console/Command->execute(Object(Symfony/Component/Console/Input/ArgvInput), Object(Illuminate/Console/OutputStyle))
#19 C:/Users/dik/Downloads/siakad-tugas-besar/siakad/vendor/laravel/framework/src/Illuminate/Console/Command.php(180): Symfony/Component/Console/Command/Command->run(Object(Symfony/Component/Console/Input/ArgvInput), Object(Illuminate/Console/OutputStyle))
#20 C:/Users/dik/Downloads/siakad-tugas-besar/siakad/vendor/symfony/console/Application.php(1121): Illuminate/Console/Command->run(Object(Symfony/Component/Console/Input/ArgvInput), Object(Symfony/Component/Console/Output/ConsoleOutput))
#21 C:/Users/dik/Downloads/siakad-tugas-besar/siakad/vendor/symfony/console/Application.php(324): Symfony/Component/Console/Application->doRunCommand(Object(Illuminate/Database/Console/Migrations/MigrateCommand), Object(Symfony/Component/Console/Input/ArgvInput), Object(Symfony/Component/Console/Output/ConsoleOutput))
#22 C:/Users/dik/Downloads/siakad-tugas-besar/siakad/vendor/symfony/console/Application.php(175): Symfony/Component/Console/Application->doRun(Object(Symfony/Component/Console/Input/ArgvInput), Object(Symfony/Component/Console/Output/ConsoleOutput))
#23 C:/Users/dik/Downloads/siakad-tugas-besar/siakad/vendor/laravel/framework/src/Illuminate/Foundation/Console/Kernel.php(201): Symfony/Component/Console/Application->run(Object(Symfony/Component/Console/Input/ArgvInput), Object(Symfony/Component/Console/Output/ConsoleOutput))
#24 C:/Users/dik/Downloads/siakad-tugas-besar/siakad/artisan(12): Illuminate/Foundation/Console/Kernel->handle(Object(Symfony/Component/Console/Input/ArgvInput), Object(Symfony/Component/Console/Output/ConsoleOutput))
#25 {main}

[previous exception] [object] (PDOException(code: 42S02): SQLSTATE[42S02]: Base table or view not found: 1932 Table 'siakad.migrations' doesn't exist in engine at C:/Users/dik/Downloads/siakad-tugas-besar/siakad/vendor/laravel/framework/src/Illuminate/Database/Connection.php:423)
[stacktrace]
#0 C:/Users/dik/Downloads/siakad-tugas-besar/siakad/vendor/laravel/framework/src/Illuminate/Database/Connection.php(423): PDO->prepare('select `migrati...')
#1 C:/Users/dik/Downloads/siakad-tugas-besar/siakad/vendor/laravel/framework/src/Illuminate/Database/Connection.php(816): Illuminate/Database/Connection->Illuminate/Database/{closure}('select `migrati...', Array)
#2 C:/Users/dik/Downloads/siakad-tugas-besar/siakad/vendor/laravel/framework/src/Illuminate/Database/Connection.php(783): Illuminate/Database/Connection->runQueryCallback('select `migrati...', Array, Object(Closure))
#3 C:/Users/dik/Downloads/siakad-tugas-besar/siakad/vendor/laravel/framework/src/Illuminate/Database/Connection.php(414): Illuminate/Database/Connection->run('select `migrati...', Array, Object(Closure))
#4 C:/Users/dik/Downloads/siakad-tugas-besar/siakad/vendor/laravel/framework/src/Illuminate/Database/Query/Builder.php(2913): Illuminate/Database/Connection->select('select `migrati...', Array, false)
#5 C:/Users/dik/Downloads/siakad-tugas-besar/siakad/vendor/laravel/framework/src/Illuminate/Database/Query/Builder.php(3142): Illuminate/Database/Query/Builder->runSelect()
#6 C:/Users/dik/Downloads/siakad-tugas-besar/siakad/vendor/laravel/framework/src/Illuminate/Database/Query/Builder.php(3456): Illuminate/Database/Query/Builder->Illuminate/Database/Query/{closure}()
#7 C:/Users/dik/Downloads/siakad-tugas-besar/siakad/vendor/laravel/framework/src/Illuminate/Database/Query/Builder.php(3138): Illuminate/Database/Query/Builder->onceWithColumns(Array, Object(Closure))
#8 C:/Users/dik/Downloads/siakad-tugas-besar/siakad/vendor/laravel/framework/src/Illuminate/Database/Migrations/DatabaseMigrationRepository.php(53): Illuminate/Database/Query/Builder->pluck('migration')
#9 C:/Users/dik/Downloads/siakad-tugas-besar/siakad/vendor/laravel/framework/src/Illuminate/Database/Migrations/Migrator.php(737): Illuminate/Database/Migrations/DatabaseMigrationRepository->getRan()
#10 C:/Users/dik/Downloads/siakad-tugas-besar/siakad/vendor/laravel/framework/src/Illuminate/Database/Console/Migrations/MigrateCommand.php(128): Illuminate/Database/Migrations/Migrator->hasRunAnyMigrations()
#11 C:/Users/dik/Downloads/siakad-tugas-besar/siakad/vendor/laravel/framework/src/Illuminate/Database/Console/Migrations/MigrateCommand.php(84): Illuminate/Database/Console/Migrations/MigrateCommand->prepareDatabase()
#12 C:/Users/dik/Downloads/siakad-tugas-besar/siakad/vendor/laravel/framework/src/Illuminate/Database/Migrations/Migrator.php(641): Illuminate/Database/Console/Migrations/MigrateCommand->Illuminate/Database/Console/Migrations/{closure}()
#13 C:/Users/dik/Downloads/siakad-tugas-besar/siakad/vendor/laravel/framework/src/Illuminate/Database/Console/Migrations/MigrateCommand.php(83): Illuminate/Database/Migrations/Migrator->usingConnection(NULL, Object(Closure))
#14 C:/Users/dik/Downloads/siakad-tugas-besar/siakad/vendor/laravel/framework/src/Illuminate/Container/BoundMethod.php(36): Illuminate/Database/Console/Migrations/MigrateCommand->handle()
#15 C:/Users/dik/Downloads/siakad-tugas-besar/siakad/vendor/laravel/framework/src/Illuminate/Container/Util.php(41): Illuminate/Container/BoundMethod::Illuminate/Container/{closure}()
#16 C:/Users/dik/Downloads/siakad-tugas-besar/siakad/vendor/laravel/framework/src/Illuminate/Container/BoundMethod.php(93): Illuminate/Container/Util::unwrapIfClosure(Object(Closure))
#17 C:/Users/dik/Downloads/siakad-tugas-besar/siakad/vendor/laravel/framework/src/Illuminate/Container/BoundMethod.php(35): Illuminate/Container/BoundMethod::callBoundMethod(Object(Illuminate/Foundation/Application), Array, Object(Closure))
#18 C:/Users/dik/Downloads/siakad-tugas-besar/siakad/vendor/laravel/framework/src/Illuminate/Container/Container.php(662): Illuminate/Container/BoundMethod::call(Object(Illuminate/Foundation/Application), Array, Array, NULL)
#19 C:/Users/dik/Downloads/siakad-tugas-besar/siakad/vendor/laravel/framework/src/Illuminate/Console/Command.php(211): Illuminate/Container/Container->call(Array)
#20 C:/Users/dik/Downloads/siakad-tugas-besar/siakad/vendor/symfony/console/Command/Command.php(326): Illuminate/Console/Command->execute(Object(Symfony/Component/Console/Input/ArgvInput), Object(Illuminate/Console/OutputStyle))
#21 C:/Users/dik/Downloads/siakad-tugas-besar/siakad/vendor/laravel/framework/src/Illuminate/Console/Command.php(180): Symfony/Component/Console/Command/Command->run(Object(Symfony/Component/Console/Input/ArgvInput), Object(Illuminate/Console/OutputStyle))
#22 C:/Users/dik/Downloads/siakad-tugas-besar/siakad/vendor/symfony/console/Application.php(1121): Illuminate/Console/Command->run(Object(Symfony/Component/Console/Input/ArgvInput), Object(Symfony/Component/Console/Output/ConsoleOutput))
#23 C:/Users/dik/Downloads/siakad-tugas-besar/siakad/vendor/symfony/console/Application.php(324): Symfony/Component/Console/Application->doRunCommand(Object(Illuminate/Database/Console/Migrations/MigrateCommand), Object(Symfony/Component/Console/Input/ArgvInput), Object(Symfony/Component/Console/Output/ConsoleOutput))
#24 C:/Users/dik/Downloads/siakad-tugas-besar/siakad/vendor/symfony/console/Application.php(175): Symfony/Component/Console/Application->doRun(Object(Symfony/Component/Console/Input/ArgvInput), Object(Symfony/Component/Console/Output/ConsoleOutput))
#25 C:/Users/dik/Downloads/siakad-tugas-besar/siakad/vendor/laravel/framework/src/Illuminate/Foundation/Console/Kernel.php(201): Symfony/Component/Console/Application->run(Object(Symfony/Component/Console/Input/ArgvInput), Object(Symfony/Component/Console/Output/ConsoleOutput))
#26 C:/Users/dik/Downloads/siakad-tugas-besar/siakad/artisan(12): Illuminate/Foundation/Console/Kernel->handle(Object(Symfony/Component/Console/Input/ArgvInput), Object(Symfony/Component/Console/Output/ConsoleOutput))
#27 {main}
"} 
[2026-06-23 07:27:51] local.ERROR: SQLSTATE[23000]: Integrity constraint violation: 1062 Duplicate entry '0001018501' for key 'PRIMARY' (Connection: mysql, SQL: insert into `dosen` (`nidn`, `nama`, `updated_at`, `created_at`) values (0001018501, Dr. Budi Santoso, M.Kom, 2026-06-23 07:27:51, 2026-06-23 07:27:51)) {"exception":"[object] (Illuminate\\Database\\UniqueConstraintViolationException(code: 23000): SQLSTATE[23000]: Integrity constraint violation: 1062 Duplicate entry '0001018501' for key 'PRIMARY' (Connection: mysql, SQL: insert into `dosen` (`nidn`, `nama`, `updated_at`, `created_at`) values (0001018501, Dr. Budi Santoso, M.Kom, 2026-06-23 07:27:51, 2026-06-23 07:27:51)) at C:/Users/dik/Downloads/siakad-tugas-besar/siakad/vendor/laravel/framework/src/Illuminate/Database/Connection.php:824)
[stacktrace]
#0 C:/Users/dik/Downloads/siakad-tugas-besar/siakad/vendor/laravel/framework/src/Illuminate/Database/Connection.php(783): Illuminate/Database/Connection->runQueryCallback('insert into `do...', Array, Object(Closure))
#1 C:/Users/dik/Downloads/siakad-tugas-besar/siakad/vendor/laravel/framework/src/Illuminate/Database/MySqlConnection.php(34): Illuminate/Database/Connection->run('insert into `do...', Array, Object(Closure))
#2 C:/Users/dik/Downloads/siakad-tugas-besar/siakad/vendor/laravel/framework/src/Illuminate/Database/Query/Builder.php(3498): Illuminate/Database/MySqlConnection->insert('insert into `do...', Array)
#3 C:/Users/dik/Downloads/siakad-tugas-besar/siakad/vendor/laravel/framework/src/Illuminate/Database/Eloquent/Builder.php(1982): Illuminate/Database/Query/Builder->insert(Array)
#4 C:/Users/dik/Downloads/siakad-tugas-besar/siakad/vendor/laravel/framework/src/Illuminate/Database/Eloquent/Model.php(1310): Illuminate/Database/Eloquent/Builder->__call('insert', Array)
#5 C:/Users/dik/Downloads/siakad-tugas-besar/siakad/vendor/laravel/framework/src/Illuminate/Database/Eloquent/Model.php(1138): Illuminate/Database/Eloquent/Model->performInsert(Object(Illuminate/Database/Eloquent/Builder))
#6 C:/Users/dik/Downloads/siakad-tugas-besar/siakad/vendor/laravel/framework/src/Illuminate/Database/Eloquent/Builder.php(1025): Illuminate/Database/Eloquent/Model->save()
#7 C:/Users/dik/Downloads/siakad-tugas-besar/siakad/vendor/laravel/framework/src/Illuminate/Support/helpers.php(320): Illuminate/Database/Eloquent/Builder->Illuminate/Database/Eloquent/{closure}(Object(App/Models/Dosen))
#8 C:/Users/dik/Downloads/siakad-tugas-besar/siakad/vendor/laravel/framework/src/Illuminate/Database/Eloquent/Builder.php(1024): tap(Object(App/Models/Dosen), Object(Closure))
#9 C:/Users/dik/Downloads/siakad-tugas-besar/siakad/vendor/laravel/framework/src/Illuminate/Support/Traits/ForwardsCalls.php(23): Illuminate/Database/Eloquent/Builder->create(Array)
#10 C:/Users/dik/Downloads/siakad-tugas-besar/siakad/vendor/laravel/framework/src/Illuminate/Database/Eloquent/Model.php(2335): Illuminate/Database/Eloquent/Model->forwardCallTo(Object(Illuminate/Database/Eloquent/Builder), 'create', Array)
#11 C:/Users/dik/Downloads/siakad-tugas-besar/siakad/vendor/laravel/framework/src/Illuminate/Database/Eloquent/Model.php(2347): Illuminate/Database/Eloquent/Model->__call('create', Array)
#12 C:/Users/dik/Downloads/siakad-tugas-besar/siakad/database/seeders/DosenSeeder.php(24): Illuminate/Database/Eloquent/Model::__callStatic('create', Array)
#13 C:/Users/dik/Downloads/siakad-tugas-besar/siakad/vendor/laravel/framework/src/Illuminate/Container/BoundMethod.php(36): Database/Seeders/DosenSeeder->run()
#14 C:/Users/dik/Downloads/siakad-tugas-besar/siakad/vendor/laravel/framework/src/Illuminate/Container/Util.php(41): Illuminate/Container/BoundMethod::Illuminate/Container/{closure}()
#15 C:/Users/dik/Downloads/siakad-tugas-besar/siakad/vendor/laravel/framework/src/Illuminate/Container/BoundMethod.php(93): Illuminate/Container/Util::unwrapIfClosure(Object(Closure))
#16 C:/Users/dik/Downloads/siakad-tugas-besar/siakad/vendor/laravel/framework/src/Illuminate/Container/BoundMethod.php(35): Illuminate/Container/BoundMethod::callBoundMethod(Object(Illuminate/Foundation/Application), Array, Object(Closure))
#17 C:/Users/dik/Downloads/siakad-tugas-besar/siakad/vendor/laravel/framework/src/Illuminate/Container/Container.php(662): Illuminate/Container/BoundMethod::call(Object(Illuminate/Foundation/Application), Array, Array, NULL)
#18 C:/Users/dik/Downloads/siakad-tugas-besar/siakad/vendor/laravel/framework/src/Illuminate/Database/Seeder.php(184): Illuminate/Container/Container->call(Array, Array)
#19 C:/Users/dik/Downloads/siakad-tugas-besar/siakad/vendor/laravel/framework/src/Illuminate/Database/Seeder.php(193): Illuminate/Database/Seeder->Illuminate/Database/{closure}()
#20 C:/Users/dik/Downloads/siakad-tugas-besar/siakad/vendor/laravel/framework/src/Illuminate/Database/Seeder.php(61): Illuminate/Database/Seeder->__invoke(Array)
#21 C:/Users/dik/Downloads/siakad-tugas-besar/siakad/database/seeders/DatabaseSeeder.php(14): Illuminate/Database/Seeder->call('Database//Seeder...')
#22 C:/Users/dik/Downloads/siakad-tugas-besar/siakad/vendor/laravel/framework/src/Illuminate/Container/BoundMethod.php(36): Database/Seeders/DatabaseSeeder->run()
#23 C:/Users/dik/Downloads/siakad-tugas-besar/siakad/vendor/laravel/framework/src/Illuminate/Container/Util.php(41): Illuminate/Container/BoundMethod::Illuminate/Container/{closure}()
#24 C:/Users/dik/Downloads/siakad-tugas-besar/siakad/vendor/laravel/framework/src/Illuminate/Container/BoundMethod.php(93): Illuminate/Container/Util::unwrapIfClosure(Object(Closure))
#25 C:/Users/dik/Downloads/siakad-tugas-besar/siakad/vendor/laravel/framework/src/Illuminate/Container/BoundMethod.php(35): Illuminate/Container/BoundMethod::callBoundMethod(Object(Illuminate/Foundation/Application), Array, Object(Closure))
#26 C:/Users/dik/Downloads/siakad-tugas-besar/siakad/vendor/laravel/framework/src/Illuminate/Container/Container.php(662): Illuminate/Container/BoundMethod::call(Object(Illuminate/Foundation/Application), Array, Array, NULL)
#27 C:/Users/dik/Downloads/siakad-tugas-besar/siakad/vendor/laravel/framework/src/Illuminate/Database/Seeder.php(184): Illuminate/Container/Container->call(Array, Array)
#28 C:/Users/dik/Downloads/siakad-tugas-besar/siakad/vendor/laravel/framework/src/Illuminate/Database/Seeder.php(193): Illuminate/Database/Seeder->Illuminate/Database/{closure}()
#29 C:/Users/dik/Downloads/siakad-tugas-besar/siakad/vendor/laravel/framework/src/Illuminate/Database/Console/Seeds/SeedCommand.php(70): Illuminate/Database/Seeder->__invoke()
#30 C:/Users/dik/Downloads/siakad-tugas-besar/siakad/vendor/laravel/framework/src/Illuminate/Database/Eloquent/Concerns/GuardsAttributes.php(155): Illuminate/Database/Console/Seeds/SeedCommand->Illuminate/Database/Console/Seeds/{closure}()
#31 C:/Users/dik/Downloads/siakad-tugas-besar/siakad/vendor/laravel/framework/src/Illuminate/Database/Console/Seeds/SeedCommand.php(69): Illuminate/Database/Eloquent/Model::unguarded(Object(Closure))
#32 C:/Users/dik/Downloads/siakad-tugas-besar/siakad/vendor/laravel/framework/src/Illuminate/Container/BoundMethod.php(36): Illuminate/Database/Console/Seeds/SeedCommand->handle()
#33 C:/Users/dik/Downloads/siakad-tugas-besar/siakad/vendor/laravel/framework/src/Illuminate/Container/Util.php(41): Illuminate/Container/BoundMethod::Illuminate/Container/{closure}()
#34 C:/Users/dik/Downloads/siakad-tugas-besar/siakad/vendor/laravel/framework/src/Illuminate/Container/BoundMethod.php(93): Illuminate/Container/Util::unwrapIfClosure(Object(Closure))
#35 C:/Users/dik/Downloads/siakad-tugas-besar/siakad/vendor/laravel/framework/src/Illuminate/Container/BoundMethod.php(35): Illuminate/Container/BoundMethod::callBoundMethod(Object(Illuminate/Foundation/Application), Array, Object(Closure))
#36 C:/Users/dik/Downloads/siakad-tugas-besar/siakad/vendor/laravel/framework/src/Illuminate/Container/Container.php(662): Illuminate/Container/BoundMethod::call(Object(Illuminate/Foundation/Application), Array, Array, NULL)
#37 C:/Users/dik/Downloads/siakad-tugas-besar/siakad/vendor/laravel/framework/src/Illuminate/Console/Command.php(211): Illuminate/Container/Container->call(Array)
#38 C:/Users/dik/Downloads/siakad-tugas-besar/siakad/vendor/symfony/console/Command/Command.php(326): Illuminate/Console/Command->execute(Object(Symfony/Component/Console/Input/ArrayInput), Object(Illuminate/Console/OutputStyle))
#39 C:/Users/dik/Downloads/siakad-tugas-besar/siakad/vendor/laravel/framework/src/Illuminate/Console/Command.php(180): Symfony/Component/Console/Command/Command->run(Object(Symfony/Component/Console/Input/ArrayInput), Object(Illuminate/Console/OutputStyle))
#40 C:/Users/dik/Downloads/siakad-tugas-besar/siakad/vendor/laravel/framework/src/Illuminate/Console/Concerns/CallsCommands.php(67): Illuminate/Console/Command->run(Object(Symfony/Component/Console/Input/ArrayInput), Object(Illuminate/Console/OutputStyle))
#41 C:/Users/dik/Downloads/siakad-tugas-besar/siakad/vendor/laravel/framework/src/Illuminate/Console/Concerns/CallsCommands.php(28): Illuminate/Console/Command->runCommand('db:seed', Array, Object(Illuminate/Console/OutputStyle))
#42 C:/Users/dik/Downloads/siakad-tugas-besar/siakad/vendor/laravel/framework/src/Illuminate/Database/Console/Migrations/MigrateCommand.php(99): Illuminate/Console/Command->call('db:seed', Array)
#43 C:/Users/dik/Downloads/siakad-tugas-besar/siakad/vendor/laravel/framework/src/Illuminate/Database/Migrations/Migrator.php(641): Illuminate/Database/Console/Migrations/MigrateCommand->Illuminate/Database/Console/Migrations/{closure}()
#44 C:/Users/dik/Downloads/siakad-tugas-besar/siakad/vendor/laravel/framework/src/Illuminate/Database/Console/Migrations/MigrateCommand.php(83): Illuminate/Database/Migrations/Migrator->usingConnection(NULL, Object(Closure))
#45 C:/Users/dik/Downloads/siakad-tugas-besar/siakad/vendor/laravel/framework/src/Illuminate/Container/BoundMethod.php(36): Illuminate/Database/Console/Migrations/MigrateCommand->handle()
#46 C:/Users/dik/Downloads/siakad-tugas-besar/siakad/vendor/laravel/framework/src/Illuminate/Container/Util.php(41): Illuminate/Container/BoundMethod::Illuminate/Container/{closure}()
#47 C:/Users/dik/Downloads/siakad-tugas-besar/siakad/vendor/laravel/framework/src/Illuminate/Container/BoundMethod.php(93): Illuminate/Container/Util::unwrapIfClosure(Object(Closure))
#48 C:/Users/dik/Downloads/siakad-tugas-besar/siakad/vendor/laravel/framework/src/Illuminate/Container/BoundMethod.php(35): Illuminate/Container/BoundMethod::callBoundMethod(Object(Illuminate/Foundation/Application), Array, Object(Closure))
#49 C:/Users/dik/Downloads/siakad-tugas-besar/siakad/vendor/laravel/framework/src/Illuminate/Container/Container.php(662): Illuminate/Container/BoundMethod::call(Object(Illuminate/Foundation/Application), Array, Array, NULL)
#50 C:/Users/dik/Downloads/siakad-tugas-besar/siakad/vendor/laravel/framework/src/Illuminate/Console/Command.php(211): Illuminate/Container/Container->call(Array)
#51 C:/Users/dik/Downloads/siakad-tugas-besar/siakad/vendor/symfony/console/Command/Command.php(326): Illuminate/Console/Command->execute(Object(Symfony/Component/Console/Input/ArgvInput), Object(Illuminate/Console/OutputStyle))
#52 C:/Users/dik/Downloads/siakad-tugas-besar/siakad/vendor/laravel/framework/src/Illuminate/Console/Command.php(180): Symfony/Component/Console/Command/Command->run(Object(Symfony/Component/Console/Input/ArgvInput), Object(Illuminate/Console/OutputStyle))
#53 C:/Users/dik/Downloads/siakad-tugas-besar/siakad/vendor/symfony/console/Application.php(1121): Illuminate/Console/Command->run(Object(Symfony/Component/Console/Input/ArgvInput), Object(Symfony/Component/Console/Output/ConsoleOutput))
#54 C:/Users/dik/Downloads/siakad-tugas-besar/siakad/vendor/symfony/console/Application.php(324): Symfony/Component/Console/Application->doRunCommand(Object(Illuminate/Database/Console/Migrations/MigrateCommand), Object(Symfony/Component/Console/Input/ArgvInput), Object(Symfony/Component/Console/Output/ConsoleOutput))
#55 C:/Users/dik/Downloads/siakad-tugas-besar/siakad/vendor/symfony/console/Application.php(175): Symfony/Component/Console/Application->doRun(Object(Symfony/Component/Console/Input/ArgvInput), Object(Symfony/Component/Console/Output/ConsoleOutput))
#56 C:/Users/dik/Downloads/siakad-tugas-besar/siakad/vendor/laravel/framework/src/Illuminate/Foundation/Console/Kernel.php(201): Symfony/Component/Console/Application->run(Object(Symfony/Component/Console/Input/ArgvInput), Object(Symfony/Component/Console/Output/ConsoleOutput))
#57 C:/Users/dik/Downloads/siakad-tugas-besar/siakad/artisan(12): Illuminate/Foundation/Console/Kernel->handle(Object(Symfony/Component/Console/Input/ArgvInput), Object(Symfony/Component/Console/Output/ConsoleOutput))
#58 {main}

[previous exception] [object] (PDOException(code: 23000): SQLSTATE[23000]: Integrity constraint violation: 1062 Duplicate entry '0001018501' for key 'PRIMARY' at C:/Users/dik/Downloads/siakad-tugas-besar/siakad/vendor/laravel/framework/src/Illuminate/Database/MySqlConnection.php:45)
[stacktrace]
#0 C:/Users/dik/Downloads/siakad-tugas-besar/siakad/vendor/laravel/framework/src/Illuminate/Database/MySqlConnection.php(45): PDOStatement->execute()
#1 C:/Users/dik/Downloads/siakad-tugas-besar/siakad/vendor/laravel/framework/src/Illuminate/Database/Connection.php(816): Illuminate/Database/MySqlConnection->Illuminate/Database/{closure}('insert into `do...', Array)
#2 C:/Users/dik/Downloads/siakad-tugas-besar/siakad/vendor/laravel/framework/src/Illuminate/Database/Connection.php(783): Illuminate/Database/Connection->runQueryCallback('insert into `do...', Array, Object(Closure))
#3 C:/Users/dik/Downloads/siakad-tugas-besar/siakad/vendor/laravel/framework/src/Illuminate/Database/MySqlConnection.php(34): Illuminate/Database/Connection->run('insert into `do...', Array, Object(Closure))
#4 C:/Users/dik/Downloads/siakad-tugas-besar/siakad/vendor/laravel/framework/src/Illuminate/Database/Query/Builder.php(3498): Illuminate/Database/MySqlConnection->insert('insert into `do...', Array)
#5 C:/Users/dik/Downloads/siakad-tugas-besar/siakad/vendor/laravel/framework/src/Illuminate/Database/Eloquent/Builder.php(1982): Illuminate/Database/Query/Builder->insert(Array)
#6 C:/Users/dik/Downloads/siakad-tugas-besar/siakad/vendor/laravel/framework/src/Illuminate/Database/Eloquent/Model.php(1310): Illuminate/Database/Eloquent/Builder->__call('insert', Array)
#7 C:/Users/dik/Downloads/siakad-tugas-besar/siakad/vendor/laravel/framework/src/Illuminate/Database/Eloquent/Model.php(1138): Illuminate/Database/Eloquent/Model->performInsert(Object(Illuminate/Database/Eloquent/Builder))
#8 C:/Users/dik/Downloads/siakad-tugas-besar/siakad/vendor/laravel/framework/src/Illuminate/Database/Eloquent/Builder.php(1025): Illuminate/Database/Eloquent/Model->save()
#9 C:/Users/dik/Downloads/siakad-tugas-besar/siakad/vendor/laravel/framework/src/Illuminate/Support/helpers.php(320): Illuminate/Database/Eloquent/Builder->Illuminate/Database/Eloquent/{closure}(Object(App/Models/Dosen))
#10 C:/Users/dik/Downloads/siakad-tugas-besar/siakad/vendor/laravel/framework/src/Illuminate/Database/Eloquent/Builder.php(1024): tap(Object(App/Models/Dosen), Object(Closure))
#11 C:/Users/dik/Downloads/siakad-tugas-besar/siakad/vendor/laravel/framework/src/Illuminate/Support/Traits/ForwardsCalls.php(23): Illuminate/Database/Eloquent/Builder->create(Array)
#12 C:/Users/dik/Downloads/siakad-tugas-besar/siakad/vendor/laravel/framework/src/Illuminate/Database/Eloquent/Model.php(2335): Illuminate/Database/Eloquent/Model->forwardCallTo(Object(Illuminate/Database/Eloquent/Builder), 'create', Array)
#13 C:/Users/dik/Downloads/siakad-tugas-besar/siakad/vendor/laravel/framework/src/Illuminate/Database/Eloquent/Model.php(2347): Illuminate/Database/Eloquent/Model->__call('create', Array)
#14 C:/Users/dik/Downloads/siakad-tugas-besar/siakad/database/seeders/DosenSeeder.php(24): Illuminate/Database/Eloquent/Model::__callStatic('create', Array)
#15 C:/Users/dik/Downloads/siakad-tugas-besar/siakad/vendor/laravel/framework/src/Illuminate/Container/BoundMethod.php(36): Database/Seeders/DosenSeeder->run()
#16 C:/Users/dik/Downloads/siakad-tugas-besar/siakad/vendor/laravel/framework/src/Illuminate/Container/Util.php(41): Illuminate/Container/BoundMethod::Illuminate/Container/{closure}()
#17 C:/Users/dik/Downloads/siakad-tugas-besar/siakad/vendor/laravel/framework/src/Illuminate/Container/BoundMethod.php(93): Illuminate/Container/Util::unwrapIfClosure(Object(Closure))
#18 C:/Users/dik/Downloads/siakad-tugas-besar/siakad/vendor/laravel/framework/src/Illuminate/Container/BoundMethod.php(35): Illuminate/Container/BoundMethod::callBoundMethod(Object(Illuminate/Foundation/Application), Array, Object(Closure))
#19 C:/Users/dik/Downloads/siakad-tugas-besar/siakad/vendor/laravel/framework/src/Illuminate/Container/Container.php(662): Illuminate/Container/BoundMethod::call(Object(Illuminate/Foundation/Application), Array, Array, NULL)
#20 C:/Users/dik/Downloads/siakad-tugas-besar/siakad/vendor/laravel/framework/src/Illuminate/Database/Seeder.php(184): Illuminate/Container/Container->call(Array, Array)
#21 C:/Users/dik/Downloads/siakad-tugas-besar/siakad/vendor/laravel/framework/src/Illuminate/Database/Seeder.php(193): Illuminate/Database/Seeder->Illuminate/Database/{closure}()
#22 C:/Users/dik/Downloads/siakad-tugas-besar/siakad/vendor/laravel/framework/src/Illuminate/Database/Seeder.php(61): Illuminate/Database/Seeder->__invoke(Array)
#23 C:/Users/dik/Downloads/siakad-tugas-besar/siakad/database/seeders/DatabaseSeeder.php(14): Illuminate/Database/Seeder->call('Database//Seeder...')
#24 C:/Users/dik/Downloads/siakad-tugas-besar/siakad/vendor/laravel/framework/src/Illuminate/Container/BoundMethod.php(36): Database/Seeders/DatabaseSeeder->run()
#25 C:/Users/dik/Downloads/siakad-tugas-besar/siakad/vendor/laravel/framework/src/Illuminate/Container/Util.php(41): Illuminate/Container/BoundMethod::Illuminate/Container/{closure}()
#26 C:/Users/dik/Downloads/siakad-tugas-besar/siakad/vendor/laravel/framework/src/Illuminate/Container/BoundMethod.php(93): Illuminate/Container/Util::unwrapIfClosure(Object(Closure))
#27 C:/Users/dik/Downloads/siakad-tugas-besar/siakad/vendor/laravel/framework/src/Illuminate/Container/BoundMethod.php(35): Illuminate/Container/BoundMethod::callBoundMethod(Object(Illuminate/Foundation/Application), Array, Object(Closure))
#28 C:/Users/dik/Downloads/siakad-tugas-besar/siakad/vendor/laravel/framework/src/Illuminate/Container/Container.php(662): Illuminate/Container/BoundMethod::call(Object(Illuminate/Foundation/Application), Array, Array, NULL)
#29 C:/Users/dik/Downloads/siakad-tugas-besar/siakad/vendor/laravel/framework/src/Illuminate/Database/Seeder.php(184): Illuminate/Container/Container->call(Array, Array)
#30 C:/Users/dik/Downloads/siakad-tugas-besar/siakad/vendor/laravel/framework/src/Illuminate/Database/Seeder.php(193): Illuminate/Database/Seeder->Illuminate/Database/{closure}()
#31 C:/Users/dik/Downloads/siakad-tugas-besar/siakad/vendor/laravel/framework/src/Illuminate/Database/Console/Seeds/SeedCommand.php(70): Illuminate/Database/Seeder->__invoke()
#32 C:/Users/dik/Downloads/siakad-tugas-besar/siakad/vendor/laravel/framework/src/Illuminate/Database/Eloquent/Concerns/GuardsAttributes.php(155): Illuminate/Database/Console/Seeds/SeedCommand->Illuminate/Database/Console/Seeds/{closure}()
#33 C:/Users/dik/Downloads/siakad-tugas-besar/siakad/vendor/laravel/framework/src/Illuminate/Database/Console/Seeds/SeedCommand.php(69): Illuminate/Database/Eloquent/Model::unguarded(Object(Closure))
#34 C:/Users/dik/Downloads/siakad-tugas-besar/siakad/vendor/laravel/framework/src/Illuminate/Container/BoundMethod.php(36): Illuminate/Database/Console/Seeds/SeedCommand->handle()
#35 C:/Users/dik/Downloads/siakad-tugas-besar/siakad/vendor/laravel/framework/src/Illuminate/Container/Util.php(41): Illuminate/Container/BoundMethod::Illuminate/Container/{closure}()
#36 C:/Users/dik/Downloads/siakad-tugas-besar/siakad/vendor/laravel/framework/src/Illuminate/Container/BoundMethod.php(93): Illuminate/Container/Util::unwrapIfClosure(Object(Closure))
#37 C:/Users/dik/Downloads/siakad-tugas-besar/siakad/vendor/laravel/framework/src/Illuminate/Container/BoundMethod.php(35): Illuminate/Container/BoundMethod::callBoundMethod(Object(Illuminate/Foundation/Application), Array, Object(Closure))
#38 C:/Users/dik/Downloads/siakad-tugas-besar/siakad/vendor/laravel/framework/src/Illuminate/Container/Container.php(662): Illuminate/Container/BoundMethod::call(Object(Illuminate/Foundation/Application), Array, Array, NULL)
#39 C:/Users/dik/Downloads/siakad-tugas-besar/siakad/vendor/laravel/framework/src/Illuminate/Console/Command.php(211): Illuminate/Container/Container->call(Array)
#40 C:/Users/dik/Downloads/siakad-tugas-besar/siakad/vendor/symfony/console/Command/Command.php(326): Illuminate/Console/Command->execute(Object(Symfony/Component/Console/Input/ArrayInput), Object(Illuminate/Console/OutputStyle))
#41 C:/Users/dik/Downloads/siakad-tugas-besar/siakad/vendor/laravel/framework/src/Illuminate/Console/Command.php(180): Symfony/Component/Console/Command/Command->run(Object(Symfony/Component/Console/Input/ArrayInput), Object(Illuminate/Console/OutputStyle))
#42 C:/Users/dik/Downloads/siakad-tugas-besar/siakad/vendor/laravel/framework/src/Illuminate/Console/Concerns/CallsCommands.php(67): Illuminate/Console/Command->run(Object(Symfony/Component/Console/Input/ArrayInput), Object(Illuminate/Console/OutputStyle))
#43 C:/Users/dik/Downloads/siakad-tugas-besar/siakad/vendor/laravel/framework/src/Illuminate/Console/Concerns/CallsCommands.php(28): Illuminate/Console/Command->runCommand('db:seed', Array, Object(Illuminate/Console/OutputStyle))
#44 C:/Users/dik/Downloads/siakad-tugas-besar/siakad/vendor/laravel/framework/src/Illuminate/Database/Console/Migrations/MigrateCommand.php(99): Illuminate/Console/Command->call('db:seed', Array)
#45 C:/Users/dik/Downloads/siakad-tugas-besar/siakad/vendor/laravel/framework/src/Illuminate/Database/Migrations/Migrator.php(641): Illuminate/Database/Console/Migrations/MigrateCommand->Illuminate/Database/Console/Migrations/{closure}()
#46 C:/Users/dik/Downloads/siakad-tugas-besar/siakad/vendor/laravel/framework/src/Illuminate/Database/Console/Migrations/MigrateCommand.php(83): Illuminate/Database/Migrations/Migrator->usingConnection(NULL, Object(Closure))
#47 C:/Users/dik/Downloads/siakad-tugas-besar/siakad/vendor/laravel/framework/src/Illuminate/Container/BoundMethod.php(36): Illuminate/Database/Console/Migrations/MigrateCommand->handle()
#48 C:/Users/dik/Downloads/siakad-tugas-besar/siakad/vendor/laravel/framework/src/Illuminate/Container/Util.php(41): Illuminate/Container/BoundMethod::Illuminate/Container/{closure}()
#49 C:/Users/dik/Downloads/siakad-tugas-besar/siakad/vendor/laravel/framework/src/Illuminate/Container/BoundMethod.php(93): Illuminate/Container/Util::unwrapIfClosure(Object(Closure))
#50 C:/Users/dik/Downloads/siakad-tugas-besar/siakad/vendor/laravel/framework/src/Illuminate/Container/BoundMethod.php(35): Illuminate/Container/BoundMethod::callBoundMethod(Object(Illuminate/Foundation/Application), Array, Object(Closure))
#51 C:/Users/dik/Downloads/siakad-tugas-besar/siakad/vendor/laravel/framework/src/Illuminate/Container/Container.php(662): Illuminate/Container/BoundMethod::call(Object(Illuminate/Foundation/Application), Array, Array, NULL)
#52 C:/Users/dik/Downloads/siakad-tugas-besar/siakad/vendor/laravel/framework/src/Illuminate/Console/Command.php(211): Illuminate/Container/Container->call(Array)
#53 C:/Users/dik/Downloads/siakad-tugas-besar/siakad/vendor/symfony/console/Command/Command.php(326): Illuminate/Console/Command->execute(Object(Symfony/Component/Console/Input/ArgvInput), Object(Illuminate/Console/OutputStyle))
#54 C:/Users/dik/Downloads/siakad-tugas-besar/siakad/vendor/laravel/framework/src/Illuminate/Console/Command.php(180): Symfony/Component/Console/Command/Command->run(Object(Symfony/Component/Console/Input/ArgvInput), Object(Illuminate/Console/OutputStyle))
#55 C:/Users/dik/Downloads/siakad-tugas-besar/siakad/vendor/symfony/console/Application.php(1121): Illuminate/Console/Command->run(Object(Symfony/Component/Console/Input/ArgvInput), Object(Symfony/Component/Console/Output/ConsoleOutput))
#56 C:/Users/dik/Downloads/siakad-tugas-besar/siakad/vendor/symfony/console/Application.php(324): Symfony/Component/Console/Application->doRunCommand(Object(Illuminate/Database/Console/Migrations/MigrateCommand), Object(Symfony/Component/Console/Input/ArgvInput), Object(Symfony/Component/Console/Output/ConsoleOutput))
#57 C:/Users/dik/Downloads/siakad-tugas-besar/siakad/vendor/symfony/console/Application.php(175): Symfony/Component/Console/Application->doRun(Object(Symfony/Component/Console/Input/ArgvInput), Object(Symfony/Component/Console/Output/ConsoleOutput))
#58 C:/Users/dik/Downloads/siakad-tugas-besar/siakad/vendor/laravel/framework/src/Illuminate/Foundation/Console/Kernel.php(201): Symfony/Component/Console/Application->run(Object(Symfony/Component/Console/Input/ArgvInput), Object(Symfony/Component/Console/Output/ConsoleOutput))
#59 C:/Users/dik/Downloads/siakad-tugas-besar/siakad/artisan(12): Illuminate/Foundation/Console/Kernel->handle(Object(Symfony/Component/Console/Input/ArgvInput), Object(Symfony/Component/Console/Output/ConsoleOutput))
#60 {main}
"} 
